2022-02-25 18:00:10 - PHP Unknown:  Using the "Twig_Loader_Array" class is deprecated since Twig version 2.7, use "Twig\Loader\ArrayLoader" instead. in C:\OpenServer\domains\ITS-PROJECT\upload\system\storage\vendor\twig\twig\lib\Twig\Loader\Array.php on line 7
2022-02-25 18:00:10 - PHP Unknown:  Using the "Twig_Loader_Filesystem" class is deprecated since Twig version 2.7, use "Twig\Loader\FilesystemLoader" instead. in C:\OpenServer\domains\ITS-PROJECT\upload\system\storage\vendor\twig\twig\lib\Twig\Loader\Filesystem.php on line 7
2022-02-25 18:00:10 - PHP Unknown:  realpath(): Passing null to parameter #1 ($path) of type string is deprecated in C:\OpenServer\domains\ITS-PROJECT\upload\system\storage\vendor\twig\twig\src\Loader\FilesystemLoader.php on line 40
2022-02-25 18:00:10 - PHP Unknown:  Using the "Twig_Loader_Chain" class is deprecated since Twig version 2.7, use "Twig\Loader\ChainLoader" instead. in C:\OpenServer\domains\ITS-PROJECT\upload\system\storage\vendor\twig\twig\lib\Twig\Loader\Chain.php on line 7
2022-02-25 18:00:10 - PHP Unknown:  Return type of Twig\Node\Node::count() should either be compatible with Countable::count(): int, or the #[\ReturnTypeWillChange] attribute should be used to temporarily suppress the notice in C:\OpenServer\domains\ITS-PROJECT\upload\system\storage\vendor\twig\twig\src\Node\Node.php on line 161
2022-02-25 18:00:10 - PHP Unknown:  Return type of Twig\Node\Node::getIterator() should either be compatible with IteratorAggregate::getIterator(): Traversable, or the #[\ReturnTypeWillChange] attribute should be used to temporarily suppress the notice in C:\OpenServer\domains\ITS-PROJECT\upload\system\storage\vendor\twig\twig\src\Node\Node.php on line 166
2022-02-25 18:00:10 - PHP Unknown:  realpath(): Passing null to parameter #1 ($path) of type string is deprecated in C:\OpenServer\domains\ITS-PROJECT\upload\system\storage\vendor\twig\twig\src\Loader\FilesystemLoader.php on line 40
2022-02-25 18:00:10 - PHP Unknown:  realpath(): Passing null to parameter #1 ($path) of type string is deprecated in C:\OpenServer\domains\ITS-PROJECT\upload\system\storage\vendor\twig\twig\src\Loader\FilesystemLoader.php on line 40
2022-02-25 18:00:10 - PHP Unknown:  realpath(): Passing null to parameter #1 ($path) of type string is deprecated in C:\OpenServer\domains\ITS-PROJECT\upload\system\storage\vendor\twig\twig\src\Loader\FilesystemLoader.php on line 40
2022-02-25 18:00:17 - PHP Unknown:  Using the "Twig_Loader_Array" class is deprecated since Twig version 2.7, use "Twig\Loader\ArrayLoader" instead. in C:\OpenServer\domains\ITS-PROJECT\upload\system\storage\vendor\twig\twig\lib\Twig\Loader\Array.php on line 7
2022-02-25 18:00:17 - PHP Unknown:  Using the "Twig_Loader_Filesystem" class is deprecated since Twig version 2.7, use "Twig\Loader\FilesystemLoader" instead. in C:\OpenServer\domains\ITS-PROJECT\upload\system\storage\vendor\twig\twig\lib\Twig\Loader\Filesystem.php on line 7
2022-02-25 18:00:17 - PHP Unknown:  realpath(): Passing null to parameter #1 ($path) of type string is deprecated in C:\OpenServer\domains\ITS-PROJECT\upload\system\storage\vendor\twig\twig\src\Loader\FilesystemLoader.php on line 40
2022-02-25 18:00:17 - PHP Unknown:  Using the "Twig_Loader_Chain" class is deprecated since Twig version 2.7, use "Twig\Loader\ChainLoader" instead. in C:\OpenServer\domains\ITS-PROJECT\upload\system\storage\vendor\twig\twig\lib\Twig\Loader\Chain.php on line 7
2022-02-25 18:00:17 - PHP Unknown:  realpath(): Passing null to parameter #1 ($path) of type string is deprecated in C:\OpenServer\domains\ITS-PROJECT\upload\system\storage\vendor\twig\twig\src\Loader\FilesystemLoader.php on line 40
2022-02-25 18:00:17 - PHP Unknown:  realpath(): Passing null to parameter #1 ($path) of type string is deprecated in C:\OpenServer\domains\ITS-PROJECT\upload\system\storage\vendor\twig\twig\src\Loader\FilesystemLoader.php on line 40
2022-02-25 18:00:17 - PHP Unknown:  realpath(): Passing null to parameter #1 ($path) of type string is deprecated in C:\OpenServer\domains\ITS-PROJECT\upload\system\storage\vendor\twig\twig\src\Loader\FilesystemLoader.php on line 40
2022-02-25 18:00:17 - PHP Unknown:  Return type of Twig\Node\Node::count() should either be compatible with Countable::count(): int, or the #[\ReturnTypeWillChange] attribute should be used to temporarily suppress the notice in C:\OpenServer\domains\ITS-PROJECT\upload\system\storage\vendor\twig\twig\src\Node\Node.php on line 161
2022-02-25 18:00:17 - PHP Unknown:  Return type of Twig\Node\Node::getIterator() should either be compatible with IteratorAggregate::getIterator(): Traversable, or the #[\ReturnTypeWillChange] attribute should be used to temporarily suppress the notice in C:\OpenServer\domains\ITS-PROJECT\upload\system\storage\vendor\twig\twig\src\Node\Node.php on line 166
2022-02-25 18:00:21 - PHP Unknown:  Using the "Twig_Loader_Array" class is deprecated since Twig version 2.7, use "Twig\Loader\ArrayLoader" instead. in C:\OpenServer\domains\ITS-PROJECT\upload\system\storage\vendor\twig\twig\lib\Twig\Loader\Array.php on line 7
2022-02-25 18:00:21 - PHP Unknown:  Using the "Twig_Loader_Filesystem" class is deprecated since Twig version 2.7, use "Twig\Loader\FilesystemLoader" instead. in C:\OpenServer\domains\ITS-PROJECT\upload\system\storage\vendor\twig\twig\lib\Twig\Loader\Filesystem.php on line 7
2022-02-25 18:00:21 - PHP Unknown:  realpath(): Passing null to parameter #1 ($path) of type string is deprecated in C:\OpenServer\domains\ITS-PROJECT\upload\system\storage\vendor\twig\twig\src\Loader\FilesystemLoader.php on line 40
2022-02-25 18:00:21 - PHP Unknown:  Using the "Twig_Loader_Chain" class is deprecated since Twig version 2.7, use "Twig\Loader\ChainLoader" instead. in C:\OpenServer\domains\ITS-PROJECT\upload\system\storage\vendor\twig\twig\lib\Twig\Loader\Chain.php on line 7
2022-02-25 18:00:21 - PHP Unknown:  realpath(): Passing null to parameter #1 ($path) of type string is deprecated in C:\OpenServer\domains\ITS-PROJECT\upload\system\storage\vendor\twig\twig\src\Loader\FilesystemLoader.php on line 40
2022-02-25 18:00:21 - PHP Unknown:  realpath(): Passing null to parameter #1 ($path) of type string is deprecated in C:\OpenServer\domains\ITS-PROJECT\upload\system\storage\vendor\twig\twig\src\Loader\FilesystemLoader.php on line 40
2022-02-25 18:00:21 - PHP Unknown:  realpath(): Passing null to parameter #1 ($path) of type string is deprecated in C:\OpenServer\domains\ITS-PROJECT\upload\system\storage\vendor\twig\twig\src\Loader\FilesystemLoader.php on line 40
2022-02-25 18:00:30 - PHP Unknown:  Using the "Twig_Loader_Array" class is deprecated since Twig version 2.7, use "Twig\Loader\ArrayLoader" instead. in C:\OpenServer\domains\ITS-PROJECT\upload\system\storage\vendor\twig\twig\lib\Twig\Loader\Array.php on line 7
2022-02-25 18:00:30 - PHP Unknown:  Using the "Twig_Loader_Filesystem" class is deprecated since Twig version 2.7, use "Twig\Loader\FilesystemLoader" instead. in C:\OpenServer\domains\ITS-PROJECT\upload\system\storage\vendor\twig\twig\lib\Twig\Loader\Filesystem.php on line 7
2022-02-25 18:00:30 - PHP Unknown:  realpath(): Passing null to parameter #1 ($path) of type string is deprecated in C:\OpenServer\domains\ITS-PROJECT\upload\system\storage\vendor\twig\twig\src\Loader\FilesystemLoader.php on line 40
2022-02-25 18:00:30 - PHP Unknown:  Using the "Twig_Loader_Chain" class is deprecated since Twig version 2.7, use "Twig\Loader\ChainLoader" instead. in C:\OpenServer\domains\ITS-PROJECT\upload\system\storage\vendor\twig\twig\lib\Twig\Loader\Chain.php on line 7
2022-02-25 18:00:30 - PHP Unknown:  realpath(): Passing null to parameter #1 ($path) of type string is deprecated in C:\OpenServer\domains\ITS-PROJECT\upload\system\storage\vendor\twig\twig\src\Loader\FilesystemLoader.php on line 40
2022-02-25 18:00:30 - PHP Unknown:  realpath(): Passing null to parameter #1 ($path) of type string is deprecated in C:\OpenServer\domains\ITS-PROJECT\upload\system\storage\vendor\twig\twig\src\Loader\FilesystemLoader.php on line 40
2022-02-25 18:00:30 - PHP Unknown:  realpath(): Passing null to parameter #1 ($path) of type string is deprecated in C:\OpenServer\domains\ITS-PROJECT\upload\system\storage\vendor\twig\twig\src\Loader\FilesystemLoader.php on line 40
2022-02-25 18:00:30 - PHP Unknown:  Return type of Twig\Node\Node::count() should either be compatible with Countable::count(): int, or the #[\ReturnTypeWillChange] attribute should be used to temporarily suppress the notice in C:\OpenServer\domains\ITS-PROJECT\upload\system\storage\vendor\twig\twig\src\Node\Node.php on line 161
2022-02-25 18:00:30 - PHP Unknown:  Return type of Twig\Node\Node::getIterator() should either be compatible with IteratorAggregate::getIterator(): Traversable, or the #[\ReturnTypeWillChange] attribute should be used to temporarily suppress the notice in C:\OpenServer\domains\ITS-PROJECT\upload\system\storage\vendor\twig\twig\src\Node\Node.php on line 166
2022-02-25 18:00:33 - PHP Unknown:  Using the "Twig_Loader_Array" class is deprecated since Twig version 2.7, use "Twig\Loader\ArrayLoader" instead. in C:\OpenServer\domains\ITS-PROJECT\upload\system\storage\vendor\twig\twig\lib\Twig\Loader\Array.php on line 7
2022-02-25 18:00:33 - PHP Unknown:  Using the "Twig_Loader_Filesystem" class is deprecated since Twig version 2.7, use "Twig\Loader\FilesystemLoader" instead. in C:\OpenServer\domains\ITS-PROJECT\upload\system\storage\vendor\twig\twig\lib\Twig\Loader\Filesystem.php on line 7
2022-02-25 18:00:33 - PHP Unknown:  realpath(): Passing null to parameter #1 ($path) of type string is deprecated in C:\OpenServer\domains\ITS-PROJECT\upload\system\storage\vendor\twig\twig\src\Loader\FilesystemLoader.php on line 40
2022-02-25 18:00:33 - PHP Unknown:  Using the "Twig_Loader_Chain" class is deprecated since Twig version 2.7, use "Twig\Loader\ChainLoader" instead. in C:\OpenServer\domains\ITS-PROJECT\upload\system\storage\vendor\twig\twig\lib\Twig\Loader\Chain.php on line 7
2022-02-25 18:00:33 - PHP Unknown:  realpath(): Passing null to parameter #1 ($path) of type string is deprecated in C:\OpenServer\domains\ITS-PROJECT\upload\system\storage\vendor\twig\twig\src\Loader\FilesystemLoader.php on line 40
2022-02-25 18:00:33 - PHP Unknown:  realpath(): Passing null to parameter #1 ($path) of type string is deprecated in C:\OpenServer\domains\ITS-PROJECT\upload\system\storage\vendor\twig\twig\src\Loader\FilesystemLoader.php on line 40
2022-02-25 18:00:33 - PHP Unknown:  realpath(): Passing null to parameter #1 ($path) of type string is deprecated in C:\OpenServer\domains\ITS-PROJECT\upload\system\storage\vendor\twig\twig\src\Loader\FilesystemLoader.php on line 40
2022-02-25 18:10:39 - PHP Unknown:  Using the "Twig_Loader_Array" class is deprecated since Twig version 2.7, use "Twig\Loader\ArrayLoader" instead. in C:\OpenServer\domains\ITS-PROJECT\upload\system\storage\vendor\twig\twig\lib\Twig\Loader\Array.php on line 7
2022-02-25 18:10:39 - PHP Unknown:  Using the "Twig_Loader_Filesystem" class is deprecated since Twig version 2.7, use "Twig\Loader\FilesystemLoader" instead. in C:\OpenServer\domains\ITS-PROJECT\upload\system\storage\vendor\twig\twig\lib\Twig\Loader\Filesystem.php on line 7
2022-02-25 18:10:39 - PHP Unknown:  realpath(): Passing null to parameter #1 ($path) of type string is deprecated in C:\OpenServer\domains\ITS-PROJECT\upload\system\storage\vendor\twig\twig\src\Loader\FilesystemLoader.php on line 40
2022-02-25 18:10:39 - PHP Unknown:  Using the "Twig_Loader_Chain" class is deprecated since Twig version 2.7, use "Twig\Loader\ChainLoader" instead. in C:\OpenServer\domains\ITS-PROJECT\upload\system\storage\vendor\twig\twig\lib\Twig\Loader\Chain.php on line 7
2022-02-25 18:10:39 - PHP Unknown:  realpath(): Passing null to parameter #1 ($path) of type string is deprecated in C:\OpenServer\domains\ITS-PROJECT\upload\system\storage\vendor\twig\twig\src\Loader\FilesystemLoader.php on line 40
2022-02-25 18:10:39 - PHP Unknown:  realpath(): Passing null to parameter #1 ($path) of type string is deprecated in C:\OpenServer\domains\ITS-PROJECT\upload\system\storage\vendor\twig\twig\src\Loader\FilesystemLoader.php on line 40
2022-02-25 18:10:39 - PHP Unknown:  Return type of Twig\Node\Node::count() should either be compatible with Countable::count(): int, or the #[\ReturnTypeWillChange] attribute should be used to temporarily suppress the notice in C:\OpenServer\domains\ITS-PROJECT\upload\system\storage\vendor\twig\twig\src\Node\Node.php on line 161
2022-02-25 18:10:39 - PHP Unknown:  Return type of Twig\Node\Node::getIterator() should either be compatible with IteratorAggregate::getIterator(): Traversable, or the #[\ReturnTypeWillChange] attribute should be used to temporarily suppress the notice in C:\OpenServer\domains\ITS-PROJECT\upload\system\storage\vendor\twig\twig\src\Node\Node.php on line 166
2022-02-25 18:10:40 - PHP Unknown:  Using the "Twig_Loader_Array" class is deprecated since Twig version 2.7, use "Twig\Loader\ArrayLoader" instead. in C:\OpenServer\domains\ITS-PROJECT\upload\system\storage\vendor\twig\twig\lib\Twig\Loader\Array.php on line 7
2022-02-25 18:10:40 - PHP Unknown:  Using the "Twig_Loader_Filesystem" class is deprecated since Twig version 2.7, use "Twig\Loader\FilesystemLoader" instead. in C:\OpenServer\domains\ITS-PROJECT\upload\system\storage\vendor\twig\twig\lib\Twig\Loader\Filesystem.php on line 7
2022-02-25 18:10:40 - PHP Unknown:  realpath(): Passing null to parameter #1 ($path) of type string is deprecated in C:\OpenServer\domains\ITS-PROJECT\upload\system\storage\vendor\twig\twig\src\Loader\FilesystemLoader.php on line 40
2022-02-25 18:10:40 - PHP Unknown:  Using the "Twig_Loader_Chain" class is deprecated since Twig version 2.7, use "Twig\Loader\ChainLoader" instead. in C:\OpenServer\domains\ITS-PROJECT\upload\system\storage\vendor\twig\twig\lib\Twig\Loader\Chain.php on line 7
2022-02-25 18:10:40 - PHP Unknown:  realpath(): Passing null to parameter #1 ($path) of type string is deprecated in C:\OpenServer\domains\ITS-PROJECT\upload\system\storage\vendor\twig\twig\src\Loader\FilesystemLoader.php on line 40
2022-02-25 18:10:40 - PHP Unknown:  realpath(): Passing null to parameter #1 ($path) of type string is deprecated in C:\OpenServer\domains\ITS-PROJECT\upload\system\storage\vendor\twig\twig\src\Loader\FilesystemLoader.php on line 40
2022-02-25 18:10:40 - PHP Unknown:  realpath(): Passing null to parameter #1 ($path) of type string is deprecated in C:\OpenServer\domains\ITS-PROJECT\upload\system\storage\vendor\twig\twig\src\Loader\FilesystemLoader.php on line 40
2022-02-25 18:10:40 - PHP Unknown:  Return type of Twig\Node\Node::count() should either be compatible with Countable::count(): int, or the #[\ReturnTypeWillChange] attribute should be used to temporarily suppress the notice in C:\OpenServer\domains\ITS-PROJECT\upload\system\storage\vendor\twig\twig\src\Node\Node.php on line 161
2022-02-25 18:10:40 - PHP Unknown:  Return type of Twig\Node\Node::getIterator() should either be compatible with IteratorAggregate::getIterator(): Traversable, or the #[\ReturnTypeWillChange] attribute should be used to temporarily suppress the notice in C:\OpenServer\domains\ITS-PROJECT\upload\system\storage\vendor\twig\twig\src\Node\Node.php on line 166
